<?xml version="1.0" encoding="UTF-8"?>
<!-- Generated by org.testng.reporters.JUnitReportReporter -->
<testsuite hostname="DESKTOP-D716IJ6" failures="0" tests="1" name="edu.practicecommond.practice1" time="0.009" errors="0" timestamp="2023-02-06T17:32:53 IST" skipped="0">
  <testcase classname="edu.practicecommond.practice1" name="test1" time="0.009"/>
  <system-out/>
</testsuite> <!-- edu.practicecommond.practice1 -->
